    Warming up... 
    [randomPoints] n = 100 d = 2 runs = 20
                              NaiveBinaryEpsilon:   0.000175 sec
                       ORQBinaryEpsilon(TreeORQ):   0.000133 sec
                               ORQ2BinaryEpsilon:   0.000099 sec
    [randomPoints] n = 310 d = 2 runs = 20
                              NaiveBinaryEpsilon:   0.001605 sec
                       ORQBinaryEpsilon(TreeORQ):   0.000446 sec
                               ORQ2BinaryEpsilon:   0.000356 sec
    [randomPoints] n = 1000 d = 2 runs = 20
                              NaiveBinaryEpsilon:   0.016247 sec
                       ORQBinaryEpsilon(TreeORQ):   0.001490 sec
                               ORQ2BinaryEpsilon:   0.001088 sec
    [randomPoints] n = 3100 d = 2 runs = 20
                              NaiveBinaryEpsilon:   0.154466 sec
                       ORQBinaryEpsilon(TreeORQ):   0.005178 sec
                               ORQ2BinaryEpsilon:   0.003787 sec
    [randomPoints] n = 10000 d = 2 runs = 20
                              NaiveBinaryEpsilon:   1.611052 sec
                       ORQBinaryEpsilon(TreeORQ):   0.019096 sec
                               ORQ2BinaryEpsilon:   0.013799 sec
    [randomPoints] n = 31000 d = 2 runs = 20
                              NaiveBinaryEpsilon:  15.480102 sec
                       ORQBinaryEpsilon(TreeORQ):   0.066809 sec
                               ORQ2BinaryEpsilon:   0.048963 sec
    [randomPoints] n = 100 d = 3 runs = 20
                              NaiveBinaryEpsilon:   0.000253 sec
                       ORQBinaryEpsilon(TreeORQ):   0.000276 sec
                               ORQ2BinaryEpsilon:   0.000252 sec
    [randomPoints] n = 310 d = 3 runs = 20
                              NaiveBinaryEpsilon:   0.002331 sec
                       ORQBinaryEpsilon(TreeORQ):   0.000912 sec
                               ORQ2BinaryEpsilon:   0.000847 sec
    [randomPoints] n = 1000 d = 3 runs = 20
                              NaiveBinaryEpsilon:   0.024432 sec
                       ORQBinaryEpsilon(TreeORQ):   0.003401 sec
                               ORQ2BinaryEpsilon:   0.003097 sec
    [randomPoints] n = 3100 d = 3 runs = 20
                              NaiveBinaryEpsilon:   0.223759 sec
                       ORQBinaryEpsilon(TreeORQ):   0.012221 sec
                               ORQ2BinaryEpsilon:   0.011025 sec
    [randomPoints] n = 10000 d = 3 runs = 20
                              NaiveBinaryEpsilon:   2.332686 sec
                       ORQBinaryEpsilon(TreeORQ):   0.045232 sec
                               ORQ2BinaryEpsilon:   0.040632 sec
    [randomPoints] n = 31000 d = 3 runs = 20
                              NaiveBinaryEpsilon:  22.280339 sec
                       ORQBinaryEpsilon(TreeORQ):   0.160980 sec
                               ORQ2BinaryEpsilon:   0.148011 sec
    [randomPoints] n = 100 d = 4 runs = 20
                              NaiveBinaryEpsilon:   0.000325 sec
                       ORQBinaryEpsilon(TreeORQ):   0.001081 sec
                               ORQ2BinaryEpsilon:   0.000824 sec
    [randomPoints] n = 310 d = 4 runs = 20
                              NaiveBinaryEpsilon:   0.002992 sec
                       ORQBinaryEpsilon(TreeORQ):   0.004133 sec
                               ORQ2BinaryEpsilon:   0.003147 sec
    [randomPoints] n = 1000 d = 4 runs = 20
                              NaiveBinaryEpsilon:   0.031594 sec
                       ORQBinaryEpsilon(TreeORQ):   0.016566 sec
                               ORQ2BinaryEpsilon:   0.012617 sec
    [randomPoints] n = 3100 d = 4 runs = 20
                              NaiveBinaryEpsilon:   0.286645 sec
                       ORQBinaryEpsilon(TreeORQ):   0.063470 sec
                               ORQ2BinaryEpsilon:   0.048118 sec
    [randomPoints] n = 10000 d = 4 runs = 20
                              NaiveBinaryEpsilon:   2.977616 sec
                       ORQBinaryEpsilon(TreeORQ):   0.259557 sec
                               ORQ2BinaryEpsilon:   0.187636 sec
    [randomPoints] n = 31000 d = 4 runs = 20
                              NaiveBinaryEpsilon:  28.636375 sec
                       ORQBinaryEpsilon(TreeORQ):   1.165857 sec
                               ORQ2BinaryEpsilon:   0.703580 sec
    [randomPoints] n = 100 d = 5 runs = 20
                              NaiveBinaryEpsilon:   0.000399 sec
                       ORQBinaryEpsilon(TreeORQ):   0.028272 sec
                               ORQ2BinaryEpsilon:   0.001729 sec
    [randomPoints] n = 310 d = 5 runs = 20
                              NaiveBinaryEpsilon:   0.003635 sec
                       ORQBinaryEpsilon(TreeORQ):   0.019380 sec
                               ORQ2BinaryEpsilon:   0.007631 sec
    [randomPoints] n = 1000 d = 5 runs = 20
                              NaiveBinaryEpsilon:   0.036660 sec
                       ORQBinaryEpsilon(TreeORQ):   0.087820 sec
                               ORQ2BinaryEpsilon:   0.035089 sec
    [randomPoints] n = 3100 d = 5 runs = 20
                              NaiveBinaryEpsilon:   0.347523 sec
                       ORQBinaryEpsilon(TreeORQ):   0.421032 sec
                               ORQ2BinaryEpsilon:   0.149484 sec
    [randomPoints] n = 10000 d = 5 runs = 20
                              NaiveBinaryEpsilon:   3.612392 sec
                       ORQBinaryEpsilon(TreeORQ):   2.316377 sec
                               ORQ2BinaryEpsilon:   0.641082 sec
    [randomPoints] n = 31000 d = 5 runs = 20
                              NaiveBinaryEpsilon:  34.765804 sec
                       ORQBinaryEpsilon(TreeORQ):  12.801675 sec
                               ORQ2BinaryEpsilon:   2.589253 sec
    [randomPoints] n = 100 d = 6 runs = 20
                              NaiveBinaryEpsilon:   0.000466 sec
                       ORQBinaryEpsilon(TreeORQ):   0.015256 sec
                               ORQ2BinaryEpsilon:   0.002729 sec
    [randomPoints] n = 310 d = 6 runs = 20
                              NaiveBinaryEpsilon:   0.004290 sec
                       ORQBinaryEpsilon(TreeORQ):   0.082322 sec
                               ORQ2BinaryEpsilon:   0.013658 sec
    [randomPoints] n = 1000 d = 6 runs = 20
                              NaiveBinaryEpsilon:   0.043331 sec
                       ORQBinaryEpsilon(TreeORQ):   0.478452 sec
                               ORQ2BinaryEpsilon:   0.070895 sec
    [randomPoints] n = 3100 d = 6 runs = 20
                              NaiveBinaryEpsilon:   0.412249 sec
                       ORQBinaryEpsilon(TreeORQ):   2.586272 sec
                               ORQ2BinaryEpsilon:   0.340478 sec
    [randomPoints] n = 10000 d = 6 runs = 20
                              NaiveBinaryEpsilon:   4.277288 sec
                       ORQBinaryEpsilon(TreeORQ):  16.250034 sec
                               ORQ2BinaryEpsilon:   1.597689 sec
    [randomPoints] n = 31000 d = 6 runs = 20
                              NaiveBinaryEpsilon:  41.286301 sec
                       ORQBinaryEpsilon(TreeORQ): 113.835447 sec
                               ORQ2BinaryEpsilon:   7.007470 sec
    [flatPoints] n = 100 d = 2 runs = 20
                              NaiveBinaryEpsilon:   0.000175 sec
                       ORQBinaryEpsilon(TreeORQ):   0.000124 sec
                               ORQ2BinaryEpsilon:   0.000097 sec
    [flatPoints] n = 310 d = 2 runs = 20
                              NaiveBinaryEpsilon:   0.001607 sec
                       ORQBinaryEpsilon(TreeORQ):   0.000407 sec
                               ORQ2BinaryEpsilon:   0.000307 sec
    [flatPoints] n = 1000 d = 2 runs = 20
                              NaiveBinaryEpsilon:   0.016202 sec
                       ORQBinaryEpsilon(TreeORQ):   0.001487 sec
                               ORQ2BinaryEpsilon:   0.001081 sec
    [flatPoints] n = 3100 d = 2 runs = 20
                              NaiveBinaryEpsilon:   0.154189 sec
                       ORQBinaryEpsilon(TreeORQ):   0.005166 sec
                               ORQ2BinaryEpsilon:   0.003767 sec
    [flatPoints] n = 10000 d = 2 runs = 20
                              NaiveBinaryEpsilon:   1.604585 sec
                       ORQBinaryEpsilon(TreeORQ):   0.019119 sec
                               ORQ2BinaryEpsilon:   0.013774 sec
    [flatPoints] n = 31000 d = 2 runs = 20
                              NaiveBinaryEpsilon:  15.417080 sec
                       ORQBinaryEpsilon(TreeORQ):   0.067112 sec
                               ORQ2BinaryEpsilon:   0.048978 sec
    [flatPoints] n = 100 d = 3 runs = 20
                              NaiveBinaryEpsilon:   0.000255 sec
                       ORQBinaryEpsilon(TreeORQ):   0.000262 sec
                               ORQ2BinaryEpsilon:   0.000246 sec
    [flatPoints] n = 310 d = 3 runs = 20
                              NaiveBinaryEpsilon:   0.002304 sec
                       ORQBinaryEpsilon(TreeORQ):   0.000906 sec
                               ORQ2BinaryEpsilon:   0.000842 sec
    [flatPoints] n = 1000 d = 3 runs = 20
                              NaiveBinaryEpsilon:   0.024361 sec
                       ORQBinaryEpsilon(TreeORQ):   0.003367 sec
                               ORQ2BinaryEpsilon:   0.003050 sec
    [flatPoints] n = 3100 d = 3 runs = 20
                              NaiveBinaryEpsilon:   0.222989 sec
                       ORQBinaryEpsilon(TreeORQ):   0.012105 sec
                               ORQ2BinaryEpsilon:   0.010863 sec
    [flatPoints] n = 10000 d = 3 runs = 20
                              NaiveBinaryEpsilon:   2.360587 sec
                       ORQBinaryEpsilon(TreeORQ):   0.045201 sec
                               ORQ2BinaryEpsilon:   0.040025 sec
    [flatPoints] n = 31000 d = 3 runs = 20
                              NaiveBinaryEpsilon:  22.514735 sec
                       ORQBinaryEpsilon(TreeORQ):   0.160051 sec
                               ORQ2BinaryEpsilon:   0.145956 sec
    [flatPoints] n = 100 d = 4 runs = 20
                              NaiveBinaryEpsilon:   0.000328 sec
                       ORQBinaryEpsilon(TreeORQ):   0.001053 sec
                               ORQ2BinaryEpsilon:   0.000822 sec
    [flatPoints] n = 310 d = 4 runs = 20
                              NaiveBinaryEpsilon:   0.002939 sec
                       ORQBinaryEpsilon(TreeORQ):   0.004056 sec
                               ORQ2BinaryEpsilon:   0.003103 sec
    [flatPoints] n = 1000 d = 4 runs = 20
                              NaiveBinaryEpsilon:   0.030679 sec
                       ORQBinaryEpsilon(TreeORQ):   0.016384 sec
                               ORQ2BinaryEpsilon:   0.012426 sec
    [flatPoints] n = 3100 d = 4 runs = 20
                              NaiveBinaryEpsilon:   0.283817 sec
                       ORQBinaryEpsilon(TreeORQ):   0.062604 sec
                               ORQ2BinaryEpsilon:   0.047717 sec
    [flatPoints] n = 10000 d = 4 runs = 20
                              NaiveBinaryEpsilon:   2.932637 sec
                       ORQBinaryEpsilon(TreeORQ):   0.256578 sec
                               ORQ2BinaryEpsilon:   0.185223 sec
    [flatPoints] n = 31000 d = 4 runs = 20
                              NaiveBinaryEpsilon:  28.233771 sec
                       ORQBinaryEpsilon(TreeORQ):   1.124900 sec
                               ORQ2BinaryEpsilon:   0.693519 sec
    [flatPoints] n = 100 d = 5 runs = 20
                              NaiveBinaryEpsilon:   0.000381 sec
                       ORQBinaryEpsilon(TreeORQ):   0.004260 sec
                               ORQ2BinaryEpsilon:   0.001691 sec
    [flatPoints] n = 310 d = 5 runs = 20
                              NaiveBinaryEpsilon:   0.003501 sec
                       ORQBinaryEpsilon(TreeORQ):   0.019156 sec
                               ORQ2BinaryEpsilon:   0.007462 sec
    [flatPoints] n = 1000 d = 5 runs = 20
                              NaiveBinaryEpsilon:   0.035422 sec
                       ORQBinaryEpsilon(TreeORQ):   0.086967 sec
                               ORQ2BinaryEpsilon:   0.034307 sec
    [flatPoints] n = 3100 d = 5 runs = 20
                              NaiveBinaryEpsilon:   0.338117 sec
                       ORQBinaryEpsilon(TreeORQ):   0.413460 sec
                               ORQ2BinaryEpsilon:   0.146363 sec
    [flatPoints] n = 10000 d = 5 runs = 20
                              NaiveBinaryEpsilon:   3.509790 sec
                       ORQBinaryEpsilon(TreeORQ):   2.308299 sec
                               ORQ2BinaryEpsilon:   0.628058 sec
    [flatPoints] n = 31000 d = 5 runs = 20
                              NaiveBinaryEpsilon:  33.816656 sec
                       ORQBinaryEpsilon(TreeORQ):  12.308587 sec
                               ORQ2BinaryEpsilon:   2.536661 sec
    [flatPoints] n = 100 d = 6 runs = 20
                              NaiveBinaryEpsilon:   0.000446 sec
                       ORQBinaryEpsilon(TreeORQ):   0.015340 sec
                               ORQ2BinaryEpsilon:   0.002685 sec
    [flatPoints] n = 310 d = 6 runs = 20
                              NaiveBinaryEpsilon:   0.004090 sec
                       ORQBinaryEpsilon(TreeORQ):   0.081793 sec
                               ORQ2BinaryEpsilon:   0.013376 sec
    [flatPoints] n = 1000 d = 6 runs = 20
                              NaiveBinaryEpsilon:   0.041494 sec
                       ORQBinaryEpsilon(TreeORQ):   0.468525 sec
                               ORQ2BinaryEpsilon:   0.069114 sec
    [flatPoints] n = 3100 d = 6 runs = 20
                              NaiveBinaryEpsilon:   0.394500 sec
                       ORQBinaryEpsilon(TreeORQ):   2.577477 sec
                               ORQ2BinaryEpsilon:   0.331942 sec
    [flatPoints] n = 10000 d = 6 runs = 20
                              NaiveBinaryEpsilon:   4.099838 sec
                       ORQBinaryEpsilon(TreeORQ):  15.394471 sec
                               ORQ2BinaryEpsilon:   1.553913 sec
    [flatPoints] n = 31000 d = 6 runs = 20
                              NaiveBinaryEpsilon:  39.653233 sec
                       ORQBinaryEpsilon(TreeORQ):  90.456342 sec
                               ORQ2BinaryEpsilon:   6.815506 sec
