2213 0
2851 0
2246 0
3607 0
1846 0
2495 0
2148 0
1987 0
1885 0
1968 0
2774 0
1855 0
2468 0
2431 0
2410 0
2162 0
1753 0
2711 0
2259 0
2088 0
2417 0
2524 0
2447 0
3050 0
2072 0
2410 0
2374 0
2675 0
2051 0
2287 0
2339 0
2872 0
2188 0
2157 0
2353 0
1577 0
2377 0
2584 0
2531 0
2267 0
2421 0
1920 0
2921 0
2721 0
3157 0
2947 0
1621 0
3028 0
2165 0
2310 0
1866 0
2353 0
1696 0
2210 0
2104 0
3465 0
2261 0
2315 0
2591 0
2418 0
2246 0
1885 0
1772 0
2871 0
2947 0
3070 0
2213 0
2215 0
2393 0
2110 0
2614 0
2338 0
2558 0
2705 0
2522 0
2375 0
2385 0
2924 0
2662 0
2181 0
2113 0
2264 0
3579 0
1864 0
2550 0
2808 0
2435 0
2278 0
2715 0
1993 0
1478 0
2219 0
2457 0
3336 0
1963 0
2046 0
2532 0
2436 0
2063 0
1836 0
