9039 0
12312 0
9305 0
8984 0
10012 0
8615 0
12192 0
10146 0
9267 0
9940 0
8456 0
8740 8
8412 0
8710 2
11014 2
8492 0
10851 0
7713 0
9548 19
6771 9
9648 1
10267 0
7924 4
9245 9
10930 0
9351 4
8616 0
9455 0
10884 0
9682 4
8029 0
8680 9
7287 0
7977 6
10034 0
9297 0
10938 0
8952 0
9863 0
8833 12
11916 1
7890 0
7672 0
11157 1
8778 0
8998 0
9977 3
9778 0
10381 0
6750 0
10932 0
8826 11
6934 7
8006 2
8914 0
9281 0
9246 0
7545 2
8540 0
11793 3
8350 0
9179 6
10008 0
9334 0
8104 0
8318 0
6992 2
9243 0
10422 5
8791 0
7783 0
8198 0
9054 0
9494 5
10502 0
8652 1
10439 0
10596 0
11571 0
8406 1
9629 0
8845 0
11213 0
8381 1
8991 0
9050 0
14362 14
9404 2
10030 0
10637 0
9027 0
8524 0
7858 0
11629 0
8495 0
8596 0
9518 0
8843 0
9880 13
9476 0
