89550707 7670
84840024 7479
83510172 7458
83907111 8152
87537327 7414
89392025 8429
80485201 7587
91340605 7258
82867630 7604
78272660 8448
82290974 7703
84469793 7263
98519132 7970
85822990 7642
83925709 8149
84617288 7932
82114955 7574
90695582 7564
85798579 7989
83841223 7400
85247625 7299
88070914 7506
84155879 7134
87521620 7534
97981059 6898
88069127 7381
85310042 7980
84362449 7893
86508320 7020
89788366 7733
78696082 8112
86101147 7660
89926381 7212
92038245 7821
87809778 7689
87107460 7753
80808875 7747
86675187 6830
82781546 7140
88426337 7168
87766411 8140
80952761 7450
84792752 7267
88075378 7494
84989932 8065
87669333 7857
88448020 7933
83376680 7372
87224710 7652
77064473 7355
85245605 7849
85834560 8049
82943486 7938
85850534 7409
86758673 7833
86068079 8320
86613258 7436
92283370 7335
84266887 7341
85694947 7200
84824842 7668
87358378 7540
91783554 7694
88173643 7749
90356478 7591
85727280 7642
87539099 7713
82709457 8096
90517363 7754
84297062 7312
88778997 7926
86735066 7667
87093446 7335
87248137 7823
88895634 7960
88530182 7875
83087198 7298
83926771 8315
96941018 7906
85590165 7616
78661734 7232
92041973 7399
85719409 7689
89892085 7600
86166083 7276
86504198 7702
83162964 7175
80275168 8071
83929846 7743
89440039 7260
83923015 7623
92893818 7509
89094294 7742
86193908 7231
87129466 7731
83986959 7773
89201466 7412
88041818 7960
88841448 7278
89520141 7865
