535 0
527 0
425 0
428 0
658 0
348 0
370 0
348 0
603 0
465 0
379 0
534 0
596 0
356 0
469 0
660 0
385 0
549 0
390 0
380 0
478 0
558 0
464 0
391 0
384 0
458 0
510 0
381 0
608 0
515 0
362 0
447 0
543 0
513 0
629 0
338 0
324 0
273 0
365 0
619 0
626 0
458 0
672 0
316 0
336 0
412 0
455 0
462 0
365 0
409 0
534 0
474 0
582 0
379 0
499 0
330 0
508 0
519 0
355 0
479 0
465 0
460 0
512 0
512 0
367 0
365 0
528 0
477 0
388 0
408 0
589 0
240 0
450 0
399 0
553 0
340 0
605 0
406 0
449 0
316 0
430 0
492 0
368 0
496 0
591 0
631 0
206 0
717 0
497 0
537 0
808 0
621 0
249 0
388 0
582 0
357 0
419 0
858 0
493 0
426 0
