9603 0
7677 0
7535 0
9422 0
9642 0
11027 0
8183 0
9539 0
7673 0
12205 0
10171 0
8215 0
6909 0
10630 0
10429 0
8269 0
9271 0
9129 0
13256 0
8800 0
9081 0
7528 0
8953 0
8050 0
8818 0
8681 0
9021 0
12039 0
15429 0
9808 0
10694 0
10084 0
9961 0
10630 0
8667 0
10076 0
9565 0
10522 0
8883 0
10767 0
8832 0
8181 0
7562 0
7303 0
8698 0
8562 0
9194 0
11790 0
8302 0
11520 0
10412 0
8326 0
7767 0
8515 0
10185 0
9007 0
7717 0
8432 0
9383 0
8885 0
9222 0
8274 0
10598 0
9375 0
8548 0
8651 0
9806 0
7947 0
7229 0
8852 0
9558 0
7202 0
9289 0
9754 0
11016 0
9434 0
8363 0
9304 0
11871 0
7972 0
7669 0
8858 0
9404 0
7000 0
9055 0
8583 0
9393 0
9452 0
10539 0
11013 0
9850 0
10771 0
8117 0
8484 0
10979 0
11583 0
11226 0
9425 0
8780 0
8095 0
