83837700 0
84596627 0
86432096 0
85748816 0
81053693 0
85837375 0
94540665 0
88222166 0
91109390 0
96051267 0
88119399 0
90936699 0
91809462 0
82441211 0
89860672 0
85382007 0
83315078 0
87173664 0
83323393 0
86463616 0
86409092 0
89983782 0
80421932 0
99831522 0
85082499 0
82963202 0
90289705 0
94891882 0
82145630 0
86325412 0
92749788 0
87788394 0
92237509 0
87842355 0
83096350 0
92346484 0
86412304 0
88943882 0
84975109 0
89032094 0
93724365 0
85822719 0
94562933 0
86281798 0
82878382 0
85906132 0
85929997 0
84691196 0
85951779 0
86931883 0
82358273 0
93927098 0
86289916 0
79964865 0
91501005 0
80756766 0
85641722 0
91881838 0
99576356 0
83190567 0
85016772 0
83151105 0
90851304 0
87880864 0
83189071 0
92003066 0
84172885 0
83251526 0
80804229 0
90291773 0
82492193 0
81314772 0
93130848 0
80725931 0
91709403 0
89223513 0
84671935 0
89417776 0
85822996 0
82483552 0
87368906 0
83058892 0
89286475 0
85592022 0
83127950 0
85213700 0
100568384 0
83330937 0
88088924 0
92184556 0
84868710 0
92282642 0
89327823 0
89586682 0
86461348 0
79000360 0
86451093 0
81014704 0
92345712 0
87136070 0
