1648454 0
1757771 0
1749639 0
1984789 0
2240074 0
1982871 0
2105640 0
2034299 0
1854256 0
2095983 0
2031555 0
1924750 0
1945118 0
1798252 0
1794680 0
2070701 0
2053868 0
1966489 0
1752463 0
1860859 0
1975140 0
2111784 0
1726284 0
1728048 0
1883848 0
1831354 0
1787023 0
1841457 0
1809191 0
1740342 0
2026067 0
1905985 0
1913532 0
1907171 0
1757928 0
1943281 0
2025477 0
1840160 0
1895645 0
1927421 0
1968543 0
2008959 0
1713527 0
1820912 0
1711810 0
1919402 0
1659570 0
1929717 0
1797637 0
2035867 0
1737411 0
1796401 0
1756461 0
1867556 0
1893724 0
1866039 0
1773899 0
1852610 0
1931020 0
1714358 0
1823911 0
1753274 0
1755361 0
1766606 0
2001623 0
1908496 0
1930859 0
1945674 0
2208409 0
1935295 0
1744082 0
1945577 0
1726011 0
1806952 0
2032340 0
1987550 0
1846679 0
1913287 0
1876621 0
1853757 0
1554717 0
1885988 0
1743825 0
2055712 0
1653937 0
1924384 0
1804920 0
1992180 0
1748732 0
2114985 0
1752628 0
1939748 0
1877008 0
1930328 0
2043933 0
1764528 0
1824215 0
1873205 0
2095234 0
1878727 0
