536977 37
607365 71
534609 102
555744 53
547318 25
556378 63
565972 75
545132 53
499578 41
503523 61
569378 44
604825 41
477610 88
543444 163
594459 145
534285 69
492671 78
607620 198
551053 82
580589 49
610727 58
556742 46
538467 35
550798 60
556105 61
533936 79
522409 63
633345 39
538366 74
500593 64
536920 56
510009 30
522988 98
526517 32
564682 74
552424 61
556662 65
556240 52
594584 71
622636 56
556260 81
491011 52
546921 88
551249 63
509457 45
478921 101
600750 71
517167 78
625786 78
579035 82
577728 109
518425 120
514301 47
575597 133
536274 35
524149 89
497367 123
549445 91
523997 94
510477 98
524082 69
515185 48
571833 63
526091 37
529743 75
473318 59
540528 102
500284 68
549024 162
515097 131
538779 55
539437 62
619540 52
536133 69
530342 34
686342 82
549177 48
484986 67
555000 86
576626 75
516967 60
539006 61
530623 120
540421 38
598548 47
615250 66
535242 42
499574 135
599945 77
525972 54
526788 100
580211 42
447010 145
530541 97
536326 138
546753 42
524859 107
535262 96
597580 55
543545 87
