43577 15
31464 53
43748 5
40409 2
44064 1
39706 0
35466 2
45342 4
43919 17
35821 3
35531 4
35173 14
36936 5
33204 3
36060 0
39126 0
32687 4
41834 8
39338 6
37232 7
37363 29
39788 7
49968 12
53423 0
36284 5
35684 21
41165 5
35503 0
39774 8
38211 4
38963 5
38630 0
44374 0
43101 0
46874 0
40259 9
40774 0
36892 14
35906 24
37423 33
40770 15
49440 9
38293 0
41590 0
37755 0
36741 1
42870 0
42508 6
41106 0
39388 6
36264 4
34167 3
34005 4
38611 0
32576 9
36311 0
38557 0
39746 13
48160 10
37371 15
29925 2
36474 0
38861 17
40284 31
34483 22
42854 7
43238 6
42595 17
45489 6
39744 8
40768 9
31964 11
36765 0
42739 14
41141 12
39909 8
36878 2
40573 5
40674 10
40722 6
33325 6
31527 17
44120 16
38298 3
40162 5
40427 11
36844 0
39210 3
42128 9
39086 0
32564 14
35536 0
41021 1
52505 1
43615 16
31779 36
42101 45
37056 9
35041 14
35805 5
