6108114 765
7585494 730
7253420 710
7199647 628
7483759 657
7222620 947
7154380 834
7217949 765
7377121 950
6735857 816
7308743 749
6741182 837
7164814 678
7573829 969
7564605 949
7289343 967
7006896 813
7209288 618
6789481 683
7673260 758
6384802 910
6771199 596
6677192 924
6661162 822
6752511 867
6554933 733
7022297 919
7601388 862
8132641 789
7027275 662
8026230 707
6428237 837
7514556 671
7062218 884
6641347 860
7950341 743
7988995 769
7189012 691
7525075 778
7867911 720
7501992 913
7058994 845
6606550 651
7112103 772
6893795 788
7327891 888
6683905 654
7051921 641
7393542 715
6496977 673
6861296 679
6502586 677
7070385 747
7386165 877
7584286 842
6953387 834
6222082 809
7268376 735
7066280 746
7584501 753
7168071 693
6887439 773
6841534 654
6888851 719
7198005 802
7091772 858
6588612 560
6339864 756
7249728 912
6684575 834
7292729 1013
6874502 827
7251097 797
7338404 802
6689719 636
7889397 877
6905691 778
7186016 771
6945850 799
7456956 878
7675218 721
6929256 752
7065365 619
6956788 721
7777926 778
6828407 600
7257407 839
6560412 773
7192082 748
6670121 732
7201417 749
7129232 898
6918390 763
7058194 690
6981829 704
7002165 921
8049988 930
7070655 811
6934709 806
6699336 697
