113 0
127 0
69 0
69 0
69 0
91 0
82 0
66 0
108 0
99 0
106 0
86 0
105 0
81 0
106 0
50 0
129 0
153 0
102 0
165 0
158 0
104 0
105 0
123 0
97 0
139 0
72 0
57 0
189 0
98 0
162 0
170 0
128 0
94 0
196 0
105 0
112 0
106 0
118 0
103 0
77 0
106 0
152 0
72 0
142 0
74 0
102 0
72 0
133 0
124 0
116 0
93 0
192 0
70 0
85 0
59 0
90 0
41 0
84 0
115 0
92 0
123 0
57 0
69 0
73 0
83 0
71 0
66 0
61 0
72 0
80 0
84 0
64 0
107 0
94 0
84 0
82 0
127 0
93 0
97 0
88 0
69 0
84 0
82 0
60 0
182 0
109 0
66 0
44 0
62 0
117 0
96 0
93 0
161 0
77 0
22 0
127 0
96 0
63 0
104 0
