148482 20
198188 81
136762 22
119074 21
155639 7
153023 13
139147 15
132447 15
160053 34
130672 9
164164 18
137970 32
152010 22
150235 11
145993 27
144862 19
147510 11
126038 12
128936 17
146799 14
130342 14
135399 24
126751 15
130082 39
171866 8
205108 2
141572 14
142677 81
129453 37
125860 15
145999 17
145249 3
153270 60
126656 39
134050 4
151194 29
140610 22
134246 26
150270 1
153919 25
144895 35
156469 10
135040 79
155781 16
121556 14
135548 15
123564 39
139151 13
125135 35
136315 86
142236 40
155179 50
131424 1
143695 4
134189 18
131899 27
145404 42
133458 15
137530 0
178352 21
154071 40
156968 54
162430 28
159956 19
136045 14
168250 20
136736 32
149002 27
169911 10
162241 64
153893 4
134374 25
121326 11
137846 29
153804 6
148996 29
145870 31
132221 17
160255 1
135787 48
137948 14
134064 16
156482 29
129118 17
128687 36
112342 1
144937 67
141577 61
142250 32
140383 0
138350 50
158806 0
138265 25
151281 31
160112 7
166472 5
136105 16
149463 9
135590 11
130512 23
