152685 0
123175 0
134759 0
132806 0
135803 0
145644 0
132457 0
157015 0
124505 0
139558 0
154902 0
127827 0
149613 0
130974 0
127923 0
146554 0
131864 0
133582 0
134789 0
131612 0
132236 0
118553 0
132334 0
140656 0
132828 0
124598 0
141641 0
141868 0
141773 0
131169 0
127906 0
129529 0
155195 0
130311 0
135458 0
144494 0
151838 0
132972 0
138747 0
122388 0
146661 0
135516 0
135029 0
149321 0
140714 0
139599 0
146163 0
147388 0
139394 0
138904 0
122448 0
135110 0
135692 0
159864 0
133970 0
147634 0
150973 0
130098 0
130355 0
127829 0
128357 0
116860 0
130718 0
183657 0
139684 0
132366 0
129205 0
121380 0
148356 0
153813 0
125981 0
131705 0
139448 0
132473 0
144758 0
122868 0
145729 0
125789 0
152436 0
152078 0
122000 0
141949 0
140869 0
152570 0
132739 0
154176 0
175571 0
141328 0
192959 0
121150 0
130288 0
139673 0
155814 0
143175 0
131934 0
158005 0
123252 0
150874 0
128037 0
148242 0
