130 0
142 0
38 0
77 0
71 0
68 0
68 0
120 0
183 0
89 0
111 0
67 0
60 0
116 0
175 0
100 0
79 0
60 0
78 0
67 0
83 0
106 0
164 0
102 0
44 0
51 0
78 0
50 0
77 0
70 0
243 0
74 0
74 0
80 0
108 0
81 0
75 0
60 0
99 0
107 0
80 0
132 0
191 0
105 0
99 0
100 0
68 0
123 0
81 0
109 0
75 0
101 0
113 0
93 0
73 0
54 0
103 0
109 0
65 0
92 0
86 0
77 0
57 0
89 0
91 0
108 0
85 0
146 0
66 0
87 0
200 0
99 0
92 0
121 0
124 0
52 0
143 0
60 0
71 0
183 0
90 0
119 0
70 0
56 0
92 0
109 0
127 0
165 0
128 0
27 0
126 0
113 0
47 0
67 0
90 0
126 0
96 3
96 0
102 0
74 0
