2721 0
2396 0
1961 0
2403 0
2259 0
2449 0
1766 0
1631 0
2432 0
2147 0
2382 0
2339 0
3295 3
2748 0
2149 0
1856 0
2369 2
2328 0
2501 0
3035 0
1707 0
2445 2
2064 0
1880 0
2888 0
2170 0
3097 0
2468 0
2386 3
2124 0
2513 0
3599 1
1854 2
1941 0
1803 0
2601 0
1747 0
2370 0
1947 0
4066 0
1958 0
1885 0
1711 0
2263 0
2821 0
2472 0
1883 0
2136 0
2313 0
2653 0
2592 0
2214 0
2530 0
1778 0
2111 9
2349 1
2166 0
1976 5
3604 0
2137 0
2205 0
2009 0
2400 0
2278 2
2511 0
2762 0
2482 0
2309 0
3190 0
2542 0
2871 0
2678 1
2874 0
2175 0
2329 0
2641 12
2188 0
2277 0
4260 0
2054 0
2795 0
1936 0
2126 0
2259 0
2729 0
3276 3
1945 6
2175 12
2208 0
2376 0
1964 0
2539 13
1951 0
3277 0
1778 0
1873 0
2890 0
2133 0
2516 1
2767 0
