6713005 0
8241510 0
6732979 0
6664028 0
7488029 0
6805030 0
6831071 0
7373645 0
7665615 0
6537277 0
6990502 0
8641918 0
7613619 0
7958507 0
6744684 0
6768971 0
7207199 0
7713590 0
7404266 0
7638014 0
7452619 0
7229773 0
7527438 0
7626663 0
6969256 0
7401817 0
7039324 0
7372962 0
6527116 0
6962951 0
6619603 0
6337168 0
7373578 0
8769982 0
8302101 0
7238044 0
6922473 0
7971687 0
6860515 0
7653147 0
7413383 0
6799462 0
6845722 0
7040354 0
7070801 0
7048190 0
7630789 0
7238235 0
7495494 0
7123294 0
8418470 0
6620760 0
6643773 0
7427861 0
7202413 0
6711689 0
7153004 0
7026917 0
6783263 0
7149753 0
6843930 0
7502473 0
6595297 0
6569677 0
7960875 0
7714443 0
7435723 0
7686100 0
6581404 0
7841976 0
7075921 0
6507034 0
7042496 0
7257537 0
7148915 0
7078420 0
6610888 0
7292610 0
7719378 0
7536311 0
6898946 0
6807224 0
7328795 0
6284908 0
7905139 0
6830597 0
6797761 0
6716640 0
8410348 0
7210580 0
6872424 0
7941599 0
7576915 0
6621865 0
7124478 0
7773034 0
6794253 0
7239916 0
6660471 0
7932293 0
