23010231 0
22497825 0
22769898 0
23263903 0
24395440 0
22428240 0
22586807 0
23571212 0
22530467 0
23337326 0
26063575 0
22362100 0
22541367 0
24467311 0
23024402 0
23141158 0
24838737 0
25915487 0
22245515 0
23370582 0
23604508 0
21677510 0
25018751 0
21656830 0
21748881 0
23920216 0
22036001 0
23852585 0
23784169 0
21499520 0
23746354 0
24498532 0
25985870 0
25976717 0
23946975 0
22971333 0
22912401 0
24579488 0
21196183 0
23023217 0
21943170 0
23540039 0
22240740 0
24252191 0
23053767 0
23448523 0
23930097 0
23796195 0
21925667 0
22322042 0
23232591 0
22254815 0
25300784 0
23705401 0
23810856 0
24712719 0
23245853 0
23466210 0
25798151 0
22319520 0
22541359 0
26278692 0
23905213 0
22779678 0
24549645 0
25574162 0
24516817 0
23835132 0
25173430 0
22955311 0
28974018 0
24682854 0
22972105 0
25503368 0
24804432 0
24296034 0
23922474 0
25203891 0
24128481 0
25215880 0
24451899 0
23110348 0
23790694 0
23912992 0
26678815 0
25799512 0
22033972 0
23710193 0
24246678 0
22593441 0
21951133 0
23448841 0
26433219 0
24757062 0
23494112 0
24913156 0
24514529 0
22289104 0
24781362 0
23412471 0
