562 0
457 0
461 0
386 0
647 0
694 0
597 0
534 0
424 0
253 0
446 0
597 0
304 0
478 0
306 0
382 0
481 0
408 0
651 0
513 0
571 0
448 0
738 0
293 0
398 0
405 0
422 0
583 0
433 0
449 0
547 0
350 0
402 0
511 0
372 0
508 0
587 0
502 0
577 0
371 0
595 0
453 0
518 0
615 0
673 0
465 0
298 0
415 0
511 0
512 0
748 0
626 0
582 0
578 0
529 0
445 0
439 0
488 0
493 0
523 0
393 0
397 0
600 0
409 0
400 0
329 0
314 0
704 0
422 7
538 0
695 0
380 0
355 4
451 0
586 6
373 0
312 1
390 0
299 0
507 0
407 0
538 0
485 0
335 0
529 0
470 0
330 0
576 0
828 0
404 0
621 0
495 0
538 0
425 0
652 0
670 0
381 0
560 0
541 1
357 0
