23255610 2360
21317199 2353
23699893 2055
24143679 2333
24394571 2558
23656693 2249
23936901 2362
23210099 2124
23293139 2270
23947085 2385
26374004 2351
24572526 2424
24726148 2187
23863696 2406
23189172 2371
23152353 2459
21636058 2111
23119307 2041
23728806 2187
26007780 2272
22238059 2362
21350017 2470
22605509 1961
22927426 2371
25497124 2341
21875175 2075
25421832 2204
24810320 2249
23475947 2055
25072898 2195
24477384 2201
21775165 2523
26097801 2462
21817549 2121
22644072 2434
22959225 2195
23700479 2321
22866255 2173
24479417 2415
25568958 2392
23828564 2399
23637510 2037
26478352 2403
24788342 2300
23480892 2631
23500788 2434
22480803 1977
26723344 2293
24045091 2649
23610944 2485
23641687 2281
23213655 2600
22193228 2114
23907295 2660
22665329 2210
23370745 2636
24615802 2868
24921680 2322
22692299 2353
25030644 2428
23571705 2210
21600536 2192
24801448 2200
22466903 2345
21989597 2344
23904221 2367
22543850 2366
31747970 2382
21937600 2078
24897944 2108
23036421 2495
23219551 2360
22415943 2429
22615244 2567
24925709 2416
25423789 2426
23380605 2347
23721347 2130
24376522 2394
25023833 2366
21885160 2836
22109201 2446
24636984 2147
23755813 2148
22643280 2220
23873298 2168
24810727 2416
23823559 2496
24460357 2417
23546099 2024
22632982 2342
21969426 2297
24339838 2090
24792428 2234
24233341 2582
23617006 2522
23305799 2424
23905706 2202
22930791 2255
25871640 2262
