46062 0
30665 0
37495 0
47226 0
35335 0
32099 0
39533 0
39869 0
37215 0
41992 0
37676 0
35258 0
44935 0
35820 0
43074 0
49405 0
34187 0
49733 0
39049 0
43906 0
42298 0
45224 0
41434 0
32182 0
39737 0
36366 0
43271 0
41985 0
35117 0
41444 0
37899 0
39474 0
34982 0
39250 0
38179 0
39997 0
34862 0
33293 0
34468 0
45521 0
40781 0
45106 0
42675 0
33047 0
39024 0
42704 0
37963 0
36610 0
40283 0
37420 0
36559 0
39763 0
44526 0
40676 0
41763 0
35351 0
31847 0
37087 0
35973 0
34657 0
42808 0
48913 0
38799 0
33222 0
43736 0
43046 0
42857 0
41669 0
38035 0
39629 0
41763 0
34863 0
34396 0
42813 0
39604 0
33344 0
37534 0
41289 0
41690 0
38745 0
44922 0
33854 0
42873 0
37676 0
32106 0
37615 0
38684 0
41308 0
48457 0
37460 0
38274 0
35063 0
33629 0
38119 0
29564 0
43119 0
33058 0
40764 0
35731 0
37654 0
