1701282 224
2112177 155
2152785 197
2027648 265
2020291 257
1864960 230
1841957 283
1991594 164
1752591 188
1836818 228
2103879 226
2145037 250
1797730 209
1837064 235
1870510 250
1714404 224
1885274 141
1862767 134
1896062 248
2260384 283
1817136 216
1826831 300
1799200 295
1908338 247
1861916 220
2019808 228
1933509 244
1900245 259
1969005 265
1699053 119
1759839 139
1908362 190
2048864 259
1827775 291
1839396 298
1796170 237
2028127 163
1844928 253
1820075 204
1763083 174
2034221 291
1859972 214
2170049 229
2081264 268
1930232 201
2004088 399
2022843 234
1890896 204
2005218 243
1859799 273
2331833 177
1652702 207
1656968 225
1716996 190
2006426 274
1945088 267
1763197 272
1989776 205
1788619 176
2010691 209
1789057 184
1827944 203
1738577 349
1830050 239
1959340 280
1791633 210
1855735 232
1703877 274
2235343 258
1814478 195
1845931 299
1992899 209
1740928 230
1983977 300
2039219 190
1925597 262
2026993 250
1827624 269
1843321 255
2135638 302
1840014 96
1738417 227
1987217 178
1816817 242
1949681 296
1724860 145
1881029 256
1981001 257
1767731 228
1934762 174
1873541 222
1664115 284
2220673 212
2127293 101
1685691 282
1762792 296
1807289 254
1720424 240
1861084 187
2046975 387
