499754 0
578302 0
506302 0
602082 0
548497 0
478911 0
489491 0
628032 0
511977 0
542728 0
542599 0
475222 0
565448 0
524500 0
504875 0
608140 0
554663 0
487817 0
585849 0
527961 0
488581 0
608306 0
542418 0
529956 0
516183 0
545455 0
698256 0
577438 0
542637 0
496307 0
542772 0
560857 0
623902 0
655376 0
467566 0
510838 0
578743 0
501434 0
533631 0
550531 0
526721 0
516400 0
554602 0
623685 0
567505 0
545176 0
514263 0
585668 0
552443 0
584645 0
488707 0
537550 0
544464 0
530653 0
636495 0
525790 0
569375 0
512842 0
544602 0
554686 0
593685 0
546792 0
666491 0
558309 0
582532 0
597580 0
603685 0
587412 0
564397 0
561350 0
528638 0
612380 0
473176 0
583643 0
551406 0
577615 0
662224 0
551697 0
626599 0
740268 0
517556 0
498539 0
501557 0
558712 0
663140 0
624438 0
596222 0
567567 0
540018 0
576338 0
556804 0
521234 0
637113 0
541846 0
564137 0
566415 0
516314 0
487000 0
597731 0
595204 0
